2026-03-01 17:06:32,848 | INFO | GLOBAL | LoginPage | Navigating to https://mpointshop.mediaone.dev/login
2026-03-01 17:06:34,250 | INFO | test_valid_login | LoginPage | Typing info in element:('css selector', '#__next > div.c-login-bg > div.c-login-box > dixv > div:nth-child(2) > input') 
2026-03-01 17:06:44,807 | ERROR | test_valid_login | LoginPage | Element not clickable:('css selector', '#__next > div.c-login-bg > div.c-login-box > dixv > div:nth-child(2) > input')
2026-03-01 17:06:44,925 | INFO | test_valid_login | LoginPage | Screenshot saved: screenshots/error_1772359604.png
2026-03-01 17:06:44,925 | ERROR | test_valid_login | LoginPage | Timeout while waiting for element
Traceback (most recent call last):
  File "C:\Work\mPointShop\mPointShop-PyA\pages\base_page.py", line 37, in wait_clickable
    return self.wait.until(EC.element_to_be_clickable(location))
           ^^^^^^^^^^^^^^^^^^^^^^^^^^^^^^^^^^^^^^^^^^^^^^^^^^^^^
  File "C:\Work\mPointShop\mPointShop-PyA\.venv\Lib\site-packages\selenium\webdriver\support\wait.py", line 121, in until
    raise TimeoutException(message, screen, stacktrace)
selenium.common.exceptions.TimeoutException: Message: 
Stacktrace:
Symbols not available. Dumping unresolved backtrace:
	0x7ff603aaaa55
	0x7ff603808630
	0x7ff60359d75d
	0x7ff6035f862e
	0x7ff6035f893c
	0x7ff603648d87
	0x7ff60364591c
	0x7ff6035e9098
	0x7ff6035e9f83
	0x7ff603ad7810
	0x7ff603ad1afd
	0x7ff603af2c1a
	0x7ff603823345
	0x7ff60382b81c
	0x7ff603811924
	0x7ff603811ad6
	0x7ff6037f7e47
	0x7ff864bfe8d7
	0x7ff86604c40c

2026-03-01 17:06:47,774 | INFO | test_valid_login | LoginPage | Navigating to https://mpointshop.mediaone.dev/login
2026-03-01 17:06:49,333 | INFO | test_invalid[abc-acx-C\u1eeda h\xe0ng kh\xf4ng t\u1ed3n t\u1ea1i!] | LoginPage | Typing info in element:('css selector', '#__next > div.c-login-bg > div.c-login-box > dixv > div:nth-child(2) > input') 
2026-03-01 17:06:59,907 | ERROR | test_invalid[abc-acx-C\u1eeda h\xe0ng kh\xf4ng t\u1ed3n t\u1ea1i!] | LoginPage | Element not clickable:('css selector', '#__next > div.c-login-bg > div.c-login-box > dixv > div:nth-child(2) > input')
2026-03-01 17:07:00,037 | INFO | test_invalid[abc-acx-C\u1eeda h\xe0ng kh\xf4ng t\u1ed3n t\u1ea1i!] | LoginPage | Screenshot saved: screenshots/error_1772359619.png
2026-03-01 17:07:00,037 | ERROR | test_invalid[abc-acx-C\u1eeda h\xe0ng kh\xf4ng t\u1ed3n t\u1ea1i!] | LoginPage | Timeout while waiting for element
Traceback (most recent call last):
  File "C:\Work\mPointShop\mPointShop-PyA\pages\base_page.py", line 37, in wait_clickable
    return self.wait.until(EC.element_to_be_clickable(location))
           ^^^^^^^^^^^^^^^^^^^^^^^^^^^^^^^^^^^^^^^^^^^^^^^^^^^^^
  File "C:\Work\mPointShop\mPointShop-PyA\.venv\Lib\site-packages\selenium\webdriver\support\wait.py", line 121, in until
    raise TimeoutException(message, screen, stacktrace)
selenium.common.exceptions.TimeoutException: Message: 
Stacktrace:
Symbols not available. Dumping unresolved backtrace:
	0x7ff603aaaa55
	0x7ff603808630
	0x7ff60359d75d
	0x7ff6035f862e
	0x7ff6035f893c
	0x7ff603648d87
	0x7ff60364591c
	0x7ff6035e9098
	0x7ff6035e9f83
	0x7ff603ad7810
	0x7ff603ad1afd
	0x7ff603af2c1a
	0x7ff603823345
	0x7ff60382b81c
	0x7ff603811924
	0x7ff603811ad6
	0x7ff6037f7e47
	0x7ff864bfe8d7
	0x7ff86604c40c

2026-03-01 17:07:03,395 | INFO | test_invalid[abc-acx-C\u1eeda h\xe0ng kh\xf4ng t\u1ed3n t\u1ea1i!] | LoginPage | Navigating to https://mpointshop.mediaone.dev/login
2026-03-01 17:07:03,954 | INFO | test_invalid[craftmbeer_1-abc-Th\xf4ng tin \u0111\u0103ng nh\u1eadp t\xe0i kho\u1ea3n kh\xf4ng \u0111\xfang. Xin vui l\xf2ng th\u1eed l\u1ea1i sau !] | LoginPage | Typing info in element:('css selector', '#__next > div.c-login-bg > div.c-login-box > dixv > div:nth-child(2) > input') 
2026-03-01 17:07:14,532 | ERROR | test_invalid[craftmbeer_1-abc-Th\xf4ng tin \u0111\u0103ng nh\u1eadp t\xe0i kho\u1ea3n kh\xf4ng \u0111\xfang. Xin vui l\xf2ng th\u1eed l\u1ea1i sau !] | LoginPage | Element not clickable:('css selector', '#__next > div.c-login-bg > div.c-login-box > dixv > div:nth-child(2) > input')
2026-03-01 17:07:14,669 | INFO | test_invalid[craftmbeer_1-abc-Th\xf4ng tin \u0111\u0103ng nh\u1eadp t\xe0i kho\u1ea3n kh\xf4ng \u0111\xfang. Xin vui l\xf2ng th\u1eed l\u1ea1i sau !] | LoginPage | Screenshot saved: screenshots/error_1772359634.png
2026-03-01 17:07:14,671 | ERROR | test_invalid[craftmbeer_1-abc-Th\xf4ng tin \u0111\u0103ng nh\u1eadp t\xe0i kho\u1ea3n kh\xf4ng \u0111\xfang. Xin vui l\xf2ng th\u1eed l\u1ea1i sau !] | LoginPage | Timeout while waiting for element
Traceback (most recent call last):
  File "C:\Work\mPointShop\mPointShop-PyA\pages\base_page.py", line 37, in wait_clickable
    return self.wait.until(EC.element_to_be_clickable(location))
           ^^^^^^^^^^^^^^^^^^^^^^^^^^^^^^^^^^^^^^^^^^^^^^^^^^^^^
  File "C:\Work\mPointShop\mPointShop-PyA\.venv\Lib\site-packages\selenium\webdriver\support\wait.py", line 121, in until
    raise TimeoutException(message, screen, stacktrace)
selenium.common.exceptions.TimeoutException: Message: 
Stacktrace:
Symbols not available. Dumping unresolved backtrace:
	0x7ff603aaaa55
	0x7ff603808630
	0x7ff60359d75d
	0x7ff6035f862e
	0x7ff6035f893c
	0x7ff603648d87
	0x7ff60364591c
	0x7ff6035e9098
	0x7ff6035e9f83
	0x7ff603ad7810
	0x7ff603ad1afd
	0x7ff603af2c1a
	0x7ff603823345
	0x7ff60382b81c
	0x7ff603811924
	0x7ff603811ad6
	0x7ff6037f7e47
	0x7ff864bfe8d7
	0x7ff86604c40c

2026-03-01 17:07:17,481 | INFO | test_invalid[craftmbeer_1-abc-Th\xf4ng tin \u0111\u0103ng nh\u1eadp t\xe0i kho\u1ea3n kh\xf4ng \u0111\xfang. Xin vui l\xf2ng th\u1eed l\u1ea1i sau !] | LoginPage | Navigating to https://mpointshop.mediaone.dev/login
2026-03-01 17:07:18,873 | INFO | test_invalid[--Vui l\xf2ng \u0111i\u1ec1n c\xe1c tr\u01b0\u1eddng c\xf2n thi\u1ebfu!] | LoginPage | Typing info in element:('css selector', '#__next > div.c-login-bg > div.c-login-box > dixv > div:nth-child(2) > input') 
2026-03-01 17:07:29,455 | ERROR | test_invalid[--Vui l\xf2ng \u0111i\u1ec1n c\xe1c tr\u01b0\u1eddng c\xf2n thi\u1ebfu!] | LoginPage | Element not clickable:('css selector', '#__next > div.c-login-bg > div.c-login-box > dixv > div:nth-child(2) > input')
2026-03-01 17:07:29,578 | INFO | test_invalid[--Vui l\xf2ng \u0111i\u1ec1n c\xe1c tr\u01b0\u1eddng c\xf2n thi\u1ebfu!] | LoginPage | Screenshot saved: screenshots/error_1772359649.png
2026-03-01 17:07:29,578 | ERROR | test_invalid[--Vui l\xf2ng \u0111i\u1ec1n c\xe1c tr\u01b0\u1eddng c\xf2n thi\u1ebfu!] | LoginPage | Timeout while waiting for element
Traceback (most recent call last):
  File "C:\Work\mPointShop\mPointShop-PyA\pages\base_page.py", line 37, in wait_clickable
    return self.wait.until(EC.element_to_be_clickable(location))
           ^^^^^^^^^^^^^^^^^^^^^^^^^^^^^^^^^^^^^^^^^^^^^^^^^^^^^
  File "C:\Work\mPointShop\mPointShop-PyA\.venv\Lib\site-packages\selenium\webdriver\support\wait.py", line 121, in until
    raise TimeoutException(message, screen, stacktrace)
selenium.common.exceptions.TimeoutException: Message: 
Stacktrace:
Symbols not available. Dumping unresolved backtrace:
	0x7ff603aaaa55
	0x7ff603808630
	0x7ff60359d75d
	0x7ff6035f862e
	0x7ff6035f893c
	0x7ff603648d87
	0x7ff60364591c
	0x7ff6035e9098
	0x7ff6035e9f83
	0x7ff603ad7810
	0x7ff603ad1afd
	0x7ff603af2c1a
	0x7ff603823345
	0x7ff60382b81c
	0x7ff603811924
	0x7ff603811ad6
	0x7ff6037f7e47
	0x7ff864bfe8d7
	0x7ff86604c40c

